[2024-12-01 16:22:47Z INFO HostContext] No proxy settings were found based on environmental variables (http_proxy/https_proxy/HTTP_PROXY/HTTPS_PROXY)
[2024-12-01 16:22:47Z INFO HostContext] Well known directory 'Bin': '/Users/minhtam/Desktop/grade-portal-be-go-2/actions-runner/bin'
[2024-12-01 16:22:47Z INFO HostContext] Well known directory 'Root': '/Users/minhtam/Desktop/grade-portal-be-go-2/actions-runner'
[2024-12-01 16:22:47Z INFO HostContext] Well known config file 'Credentials': '/Users/minhtam/Desktop/grade-portal-be-go-2/actions-runner/.credentials'
[2024-12-01 16:22:47Z INFO HostContext] Well known directory 'Bin': '/Users/minhtam/Desktop/grade-portal-be-go-2/actions-runner/bin'
[2024-12-01 16:22:47Z INFO HostContext] Well known directory 'Root': '/Users/minhtam/Desktop/grade-portal-be-go-2/actions-runner'
[2024-12-01 16:22:47Z INFO HostContext] Well known config file 'Runner': '/Users/minhtam/Desktop/grade-portal-be-go-2/actions-runner/.runner'
[2024-12-01 16:22:47Z INFO Listener] Runner is built for OSX (Arm64) - osx-arm64.
[2024-12-01 16:22:47Z INFO Listener] RuntimeInformation: Darwin 24.2.0 Darwin Kernel Version 24.2.0: Fri Nov 15 18:56:30 PST 2024; root:xnu-11215.61.2.501.1~1/RELEASE_ARM64_T6030.
[2024-12-01 16:22:47Z INFO Listener] Version: 2.321.0
[2024-12-01 16:22:47Z INFO Listener] Commit: e249007931b7c8e857797fa259c167f0bd4f997a
[2024-12-01 16:22:47Z INFO Listener] Culture: en-US
[2024-12-01 16:22:47Z INFO Listener] UI Culture: en-US
[2024-12-01 16:22:47Z INFO HostContext] Well known directory 'Bin': '/Users/minhtam/Desktop/grade-portal-be-go-2/actions-runner/bin'
[2024-12-01 16:22:47Z INFO HostContext] Well known directory 'Root': '/Users/minhtam/Desktop/grade-portal-be-go-2/actions-runner'
[2024-12-01 16:22:47Z INFO Listener] Validating directory permissions for: '/Users/minhtam/Desktop/grade-portal-be-go-2/actions-runner'
[2024-12-01 16:22:47Z INFO CommandLineParser] Parse
[2024-12-01 16:22:47Z INFO CommandLineParser] Parsing 1 args
[2024-12-01 16:22:47Z INFO CommandLineParser] parsing argument
[2024-12-01 16:22:47Z INFO CommandLineParser] HasArgs: False
[2024-12-01 16:22:47Z INFO CommandLineParser] Adding Command: run
[2024-12-01 16:22:47Z INFO Listener] Arguments parsed
[2024-12-01 16:22:47Z INFO Runner] ExecuteCommand
[2024-12-01 16:22:47Z INFO ConfigurationStore] currentAssemblyLocation: /Users/minhtam/Desktop/grade-portal-be-go-2/actions-runner/bin/Runner.Listener.dll
[2024-12-01 16:22:47Z INFO HostContext] Well known directory 'Bin': '/Users/minhtam/Desktop/grade-portal-be-go-2/actions-runner/bin'
[2024-12-01 16:22:47Z INFO ConfigurationStore] binPath: /Users/minhtam/Desktop/grade-portal-be-go-2/actions-runner/bin
[2024-12-01 16:22:47Z INFO HostContext] Well known directory 'Bin': '/Users/minhtam/Desktop/grade-portal-be-go-2/actions-runner/bin'
[2024-12-01 16:22:47Z INFO HostContext] Well known directory 'Root': '/Users/minhtam/Desktop/grade-portal-be-go-2/actions-runner'
[2024-12-01 16:22:47Z INFO ConfigurationStore] RootFolder: /Users/minhtam/Desktop/grade-portal-be-go-2/actions-runner
[2024-12-01 16:22:47Z INFO HostContext] Well known directory 'Bin': '/Users/minhtam/Desktop/grade-portal-be-go-2/actions-runner/bin'
[2024-12-01 16:22:47Z INFO HostContext] Well known directory 'Root': '/Users/minhtam/Desktop/grade-portal-be-go-2/actions-runner'
[2024-12-01 16:22:47Z INFO HostContext] Well known config file 'Runner': '/Users/minhtam/Desktop/grade-portal-be-go-2/actions-runner/.runner'
[2024-12-01 16:22:47Z INFO ConfigurationStore] ConfigFilePath: /Users/minhtam/Desktop/grade-portal-be-go-2/actions-runner/.runner
[2024-12-01 16:22:47Z INFO HostContext] Well known directory 'Bin': '/Users/minhtam/Desktop/grade-portal-be-go-2/actions-runner/bin'
[2024-12-01 16:22:47Z INFO HostContext] Well known directory 'Root': '/Users/minhtam/Desktop/grade-portal-be-go-2/actions-runner'
[2024-12-01 16:22:47Z INFO HostContext] Well known config file 'Credentials': '/Users/minhtam/Desktop/grade-portal-be-go-2/actions-runner/.credentials'
[2024-12-01 16:22:47Z INFO ConfigurationStore] CredFilePath: /Users/minhtam/Desktop/grade-portal-be-go-2/actions-runner/.credentials
[2024-12-01 16:22:47Z INFO HostContext] Well known directory 'Bin': '/Users/minhtam/Desktop/grade-portal-be-go-2/actions-runner/bin'
[2024-12-01 16:22:47Z INFO HostContext] Well known directory 'Root': '/Users/minhtam/Desktop/grade-portal-be-go-2/actions-runner'
[2024-12-01 16:22:47Z INFO HostContext] Well known config file 'MigratedCredentials': '/Users/minhtam/Desktop/grade-portal-be-go-2/actions-runner/.credentials_migrated'
[2024-12-01 16:22:47Z INFO ConfigurationStore] MigratedCredFilePath: /Users/minhtam/Desktop/grade-portal-be-go-2/actions-runner/.credentials_migrated
[2024-12-01 16:22:47Z INFO HostContext] Well known directory 'Bin': '/Users/minhtam/Desktop/grade-portal-be-go-2/actions-runner/bin'
[2024-12-01 16:22:47Z INFO HostContext] Well known directory 'Root': '/Users/minhtam/Desktop/grade-portal-be-go-2/actions-runner'
[2024-12-01 16:22:47Z INFO HostContext] Well known config file 'Service': '/Users/minhtam/Desktop/grade-portal-be-go-2/actions-runner/.service'
[2024-12-01 16:22:47Z INFO ConfigurationStore] ServiceConfigFilePath: /Users/minhtam/Desktop/grade-portal-be-go-2/actions-runner/.service
[2024-12-01 16:22:47Z INFO CommandSettings] Flag 'help': 'False'
[2024-12-01 16:22:47Z INFO CommandSettings] Flag 'version': 'False'
[2024-12-01 16:22:47Z INFO CommandSettings] Flag 'commit': 'False'
[2024-12-01 16:22:47Z INFO CommandSettings] Flag 'check': 'False'
[2024-12-01 16:22:47Z INFO CommandSettings] Command 'configure': 'False'
[2024-12-01 16:22:47Z INFO CommandSettings] Command 'remove': 'False'
[2024-12-01 16:22:47Z INFO CommandSettings] Command 'warmup': 'False'
[2024-12-01 16:22:47Z INFO ConfigurationManager] LoadSettings
[2024-12-01 16:22:47Z INFO ConfigurationStore] IsConfigured()
[2024-12-01 16:22:47Z INFO ConfigurationStore] IsConfigured: True
[2024-12-01 16:22:47Z INFO ConfigurationManager] Is configured: True
[2024-12-01 16:22:47Z INFO ConfigurationStore] Read setting file: 316 chars
[2024-12-01 16:22:47Z INFO ConfigurationManager] Settings Loaded
[2024-12-01 16:22:47Z INFO ConfigurationStore] IsServiceConfigured()
[2024-12-01 16:22:47Z INFO ConfigurationStore] IsServiceConfigured: False
[2024-12-01 16:22:47Z INFO CommandSettings] Command 'run': 'True'
[2024-12-01 16:22:47Z INFO ConfigurationStore] IsConfigured()
[2024-12-01 16:22:47Z INFO ConfigurationStore] IsConfigured: True
[2024-12-01 16:22:47Z INFO ConfigurationManager] Is configured: True
[2024-12-01 16:22:47Z INFO Runner] Could not parse the argument value '' for StartupType. Defaulting to Manual
[2024-12-01 16:22:47Z INFO Runner] Set runner startup type - Manual
[2024-12-01 16:22:47Z INFO CommandSettings] Flag 'once': 'False'
[2024-12-01 16:22:47Z INFO CommandSettings] Flag 'once': 'False'
[2024-12-01 16:22:47Z INFO Runner] RunAsync
[2024-12-01 16:22:47Z INFO ConfigurationManager] LoadSettings
[2024-12-01 16:22:47Z INFO ConfigurationStore] IsConfigured()
[2024-12-01 16:22:47Z INFO ConfigurationStore] IsConfigured: True
[2024-12-01 16:22:47Z INFO ConfigurationManager] Is configured: True
[2024-12-01 16:22:47Z INFO ConfigurationManager] Settings Loaded
[2024-12-01 16:22:47Z INFO MessageListener] {
  "AgentId": 23,
  "AgentName": "MacBook-Pro-cua-Minh",
  "PoolId": 1,
  "PoolName": "Default",
  "ServerUrl": "https://pipelinesghubeus3.actions.githubusercontent.com/w55GNj1vEeFmjTkbS3NJtWUKX0oBbmxnZi0t8zVE35yDL3A2FL/",
  "GitHubUrl": "https://github.com/dath-241/grade-portal-be-go-2",
  "WorkFolder": "_work"
}
[2024-12-01 16:22:47Z INFO MessageListener] Loading Credentials
[2024-12-01 16:22:47Z INFO ConfigurationStore] HasCredentials()
[2024-12-01 16:22:47Z INFO ConfigurationStore] stored True
[2024-12-01 16:22:47Z INFO CredentialManager] GetCredentialProvider
[2024-12-01 16:22:47Z INFO CredentialManager] Creating type OAuth
[2024-12-01 16:22:47Z INFO CredentialManager] Creating credential type: OAuth
[2024-12-01 16:22:47Z INFO HostContext] Well known directory 'Bin': '/Users/minhtam/Desktop/grade-portal-be-go-2/actions-runner/bin'
[2024-12-01 16:22:47Z INFO HostContext] Well known directory 'Root': '/Users/minhtam/Desktop/grade-portal-be-go-2/actions-runner'
[2024-12-01 16:22:47Z INFO HostContext] Well known config file 'RSACredentials': '/Users/minhtam/Desktop/grade-portal-be-go-2/actions-runner/.credentials_rsaparams'
[2024-12-01 16:22:47Z INFO RSAFileKeyManager] Loading RSA key parameters from file /Users/minhtam/Desktop/grade-portal-be-go-2/actions-runner/.credentials_rsaparams
[2024-12-01 16:22:47Z INFO MessageListener] Attempt to create session.
[2024-12-01 16:22:47Z INFO MessageListener] Connecting to the Runner Server...
[2024-12-01 16:22:47Z INFO RunnerServer] EstablishVssConnection
[2024-12-01 16:22:47Z INFO RunnerServer] Establish connection with 100 seconds timeout.
[2024-12-01 16:22:47Z INFO GitHubActionsService] Starting operation Location.GetConnectionData
[2024-12-01 16:22:47Z INFO RunnerServer] EstablishVssConnection
[2024-12-01 16:22:47Z INFO RunnerServer] Establish connection with 60 seconds timeout.
[2024-12-01 16:22:47Z INFO GitHubActionsService] Starting operation Location.GetConnectionData
[2024-12-01 16:22:47Z INFO RunnerServer] EstablishVssConnection
[2024-12-01 16:22:47Z INFO RunnerServer] Establish connection with 60 seconds timeout.
[2024-12-01 16:22:47Z INFO GitHubActionsService] Starting operation Location.GetConnectionData
[2024-12-01 16:22:48Z INFO GitHubActionsService] Finished operation Location.GetConnectionData
[2024-12-01 16:22:48Z INFO GitHubActionsService] Finished operation Location.GetConnectionData
[2024-12-01 16:22:48Z INFO GitHubActionsService] Finished operation Location.GetConnectionData
[2024-12-01 16:22:48Z INFO MessageListener] VssConnection created
[2024-12-01 16:22:48Z INFO Terminal] WRITE LINE: 
[2024-12-01 16:22:48Z INFO Terminal] WRITE LINE: 
[2024-12-01 16:22:49Z INFO RSAFileKeyManager] Loading RSA key parameters from file /Users/minhtam/Desktop/grade-portal-be-go-2/actions-runner/.credentials_rsaparams
[2024-12-01 16:22:49Z INFO RSAFileKeyManager] Loading RSA key parameters from file /Users/minhtam/Desktop/grade-portal-be-go-2/actions-runner/.credentials_rsaparams
[2024-12-01 16:22:50Z INFO GitHubActionsService] AAD Correlation ID for this token request: Unknown
[2024-12-01 16:22:50Z INFO MessageListener] Session created.
[2024-12-01 16:22:50Z INFO Terminal] WRITE LINE: Current runner version: '2.321.0'
[2024-12-01 16:22:50Z INFO Terminal] WRITE LINE: 2024-12-01 16:22:50Z: Listening for Jobs
[2024-12-01 16:22:50Z INFO JobDispatcher] Set runner/worker IPC timeout to 30 seconds.
[2024-12-01 16:22:50Z INFO RSAFileKeyManager] Loading RSA key parameters from file /Users/minhtam/Desktop/grade-portal-be-go-2/actions-runner/.credentials_rsaparams
[2024-12-01 16:22:51Z INFO GitHubActionsService] AAD Correlation ID for this token request: Unknown
[2024-12-01 16:22:54Z INFO MessageListener] Message '4889876107220868199' received from session 'd8539411-b8a8-4df6-92c5-df95d6d883f3'.
[2024-12-01 16:22:54Z INFO ConfigurationStore] HasCredentials()
[2024-12-01 16:22:54Z INFO ConfigurationStore] stored True
[2024-12-01 16:22:54Z INFO CredentialManager] GetCredentialProvider
[2024-12-01 16:22:54Z INFO CredentialManager] Creating type OAuth
[2024-12-01 16:22:54Z INFO CredentialManager] Creating credential type: OAuth
[2024-12-01 16:22:54Z INFO RSAFileKeyManager] Loading RSA key parameters from file /Users/minhtam/Desktop/grade-portal-be-go-2/actions-runner/.credentials_rsaparams
[2024-12-01 16:22:54Z INFO ActionsRunServer] EstablishVssConnection
[2024-12-01 16:22:54Z INFO ActionsRunServer] Establish connection with 100 seconds timeout.
[2024-12-01 16:22:54Z INFO GitHubActionsService] Starting operation Location.GetConnectionData
[2024-12-01 16:22:55Z INFO GitHubActionsService] Finished operation Location.GetConnectionData
[2024-12-01 16:22:55Z INFO RSAFileKeyManager] Loading RSA key parameters from file /Users/minhtam/Desktop/grade-portal-be-go-2/actions-runner/.credentials_rsaparams
[2024-12-01 16:22:55Z INFO RSAFileKeyManager] Loading RSA key parameters from file /Users/minhtam/Desktop/grade-portal-be-go-2/actions-runner/.credentials_rsaparams
[2024-12-01 16:22:56Z INFO GitHubActionsService] AAD Correlation ID for this token request: Unknown
[2024-12-01 16:22:57Z INFO JobDispatcher] Job request 21 for plan ab084a3d-1a3e-4336-baa2-46baadddbfbd job 1c8ce01e-97de-5be9-a863-648419f09741 received.
[2024-12-01 16:22:57Z INFO JobDispatcher] Pull OrchestrationId ab084a3d-1a3e-4336-baa2-46baadddbfbd.docker.__default from JWT claims
[2024-12-01 16:22:57Z INFO MessageListener] Received job status event. JobState: Busy
[2024-12-01 16:22:57Z INFO MessageListener] _getMessagesTokenSource is already disposed.
[2024-12-01 16:22:57Z INFO Terminal] WRITE LINE: 2024-12-01 16:22:57Z: Running job: docker
[2024-12-01 16:22:57Z INFO JobDispatcher] Start renew job request 21 for job 1c8ce01e-97de-5be9-a863-648419f09741.
[2024-12-01 16:22:57Z INFO JobDispatcher] Successfully renew job request 21, job is valid till 12/1/2024 4:32:57 PM
[2024-12-01 16:22:57Z INFO HostContext] Well known directory 'Bin': '/Users/minhtam/Desktop/grade-portal-be-go-2/actions-runner/bin'
[2024-12-01 16:22:57Z INFO ProcessInvokerWrapper] Starting process:
[2024-12-01 16:22:57Z INFO ProcessInvokerWrapper]   File name: '/Users/minhtam/Desktop/grade-portal-be-go-2/actions-runner/bin/Runner.Worker'
[2024-12-01 16:22:57Z INFO ProcessInvokerWrapper]   Arguments: 'spawnclient 151 154'
[2024-12-01 16:22:57Z INFO ProcessInvokerWrapper]   Working directory: '/Users/minhtam/Desktop/grade-portal-be-go-2/actions-runner/bin'
[2024-12-01 16:22:57Z INFO ProcessInvokerWrapper]   Require exit code zero: 'False'
[2024-12-01 16:22:57Z INFO ProcessInvokerWrapper]   Encoding web name:  ; code page: ''
[2024-12-01 16:22:57Z INFO ProcessInvokerWrapper]   Force kill process on cancellation: 'True'
[2024-12-01 16:22:57Z INFO ProcessInvokerWrapper]   Redirected STDIN: 'False'
[2024-12-01 16:22:57Z INFO ProcessInvokerWrapper]   Persist current code page: 'False'
[2024-12-01 16:22:57Z INFO ProcessInvokerWrapper]   Keep redirected STDIN open: 'False'
[2024-12-01 16:22:57Z INFO ProcessInvokerWrapper]   High priority process: 'True'
[2024-12-01 16:22:57Z INFO ProcessInvokerWrapper] Process started with process id 54984, waiting for process exit.
[2024-12-01 16:22:57Z INFO JobDispatcher] Send job request message to worker for job 1c8ce01e-97de-5be9-a863-648419f09741.
[2024-12-01 16:22:57Z INFO ProcessChannel] Sending message of length 24888, with hash '474c46f9afdc7eba5452c3a54ead6c4f734f7ef092e2e88f4f5e72c7551b8747'
[2024-12-01 16:22:57Z INFO JobNotification] Entering JobStarted Notification
[2024-12-01 16:22:57Z INFO JobNotification] Entering StartMonitor
[2024-12-01 16:23:57Z INFO ProcessInvokerWrapper] STDOUT/STDERR stream read finished.
[2024-12-01 16:23:57Z INFO ProcessInvokerWrapper] STDOUT/STDERR stream read finished.
[2024-12-01 16:23:57Z INFO ProcessInvokerWrapper] Finished process 54984 with exit code 102, and elapsed time 00:00:59.9035273.
[2024-12-01 16:23:57Z INFO JobDispatcher] Worker finished for job 1c8ce01e-97de-5be9-a863-648419f09741. Code: 102
[2024-12-01 16:23:57Z INFO JobDispatcher] finish job request for job 1c8ce01e-97de-5be9-a863-648419f09741 with result: Failed
[2024-12-01 16:23:57Z INFO Terminal] WRITE LINE: 2024-12-01 16:23:57Z: Job docker completed with result: Failed
[2024-12-01 16:23:57Z INFO JobDispatcher] Stop renew job request for job 1c8ce01e-97de-5be9-a863-648419f09741.
[2024-12-01 16:23:57Z INFO JobDispatcher] job renew has been cancelled, stop renew job request 21.
[2024-12-01 16:23:57Z INFO JobNotification] Entering JobCompleted Notification
[2024-12-01 16:23:57Z INFO JobNotification] Entering EndMonitor
[2024-12-01 16:23:57Z INFO MessageListener] Received job status event. JobState: Online
[2024-12-01 16:23:58Z INFO MessageListener] Message '7183191033040118140' received from session 'd8539411-b8a8-4df6-92c5-df95d6d883f3'.
[2024-12-01 16:23:58Z INFO ConfigurationStore] HasCredentials()
[2024-12-01 16:23:58Z INFO ConfigurationStore] stored True
[2024-12-01 16:23:58Z INFO CredentialManager] GetCredentialProvider
[2024-12-01 16:23:58Z INFO CredentialManager] Creating type OAuth
[2024-12-01 16:23:58Z INFO CredentialManager] Creating credential type: OAuth
[2024-12-01 16:23:58Z INFO RSAFileKeyManager] Loading RSA key parameters from file /Users/minhtam/Desktop/grade-portal-be-go-2/actions-runner/.credentials_rsaparams
[2024-12-01 16:23:58Z INFO ActionsRunServer] EstablishVssConnection
[2024-12-01 16:23:58Z INFO ActionsRunServer] Establish connection with 100 seconds timeout.
[2024-12-01 16:23:58Z INFO GitHubActionsService] Starting operation Location.GetConnectionData
[2024-12-01 16:23:59Z INFO GitHubActionsService] Finished operation Location.GetConnectionData
[2024-12-01 16:23:59Z INFO RSAFileKeyManager] Loading RSA key parameters from file /Users/minhtam/Desktop/grade-portal-be-go-2/actions-runner/.credentials_rsaparams
[2024-12-01 16:23:59Z INFO RSAFileKeyManager] Loading RSA key parameters from file /Users/minhtam/Desktop/grade-portal-be-go-2/actions-runner/.credentials_rsaparams
[2024-12-01 16:24:00Z INFO GitHubActionsService] AAD Correlation ID for this token request: Unknown
[2024-12-01 16:24:01Z INFO JobDispatcher] Job request 22 for plan 88c67fbd-c4fb-4228-ba6c-8b0c07a07826 job e07742bd-189a-5079-918b-43f8b2f94b89 received.
[2024-12-01 16:24:01Z INFO JobDispatcher] Pull OrchestrationId 88c67fbd-c4fb-4228-ba6c-8b0c07a07826.deploy.__default from JWT claims
[2024-12-01 16:24:01Z INFO MessageListener] Received job status event. JobState: Busy
[2024-12-01 16:24:01Z INFO MessageListener] _getMessagesTokenSource is already disposed.
[2024-12-01 16:24:01Z INFO JobDispatcher] Job request 1c8ce01e-97de-5be9-a863-648419f09741 processed succeed.
[2024-12-01 16:24:01Z INFO Terminal] WRITE LINE: 2024-12-01 16:24:01Z: Running job: deploy
[2024-12-01 16:24:01Z INFO JobDispatcher] Start renew job request 22 for job e07742bd-189a-5079-918b-43f8b2f94b89.
[2024-12-01 16:24:01Z INFO JobDispatcher] Successfully renew job request 22, job is valid till 12/1/2024 4:34:01 PM
[2024-12-01 16:24:01Z INFO HostContext] Well known directory 'Bin': '/Users/minhtam/Desktop/grade-portal-be-go-2/actions-runner/bin'
[2024-12-01 16:24:01Z INFO ProcessInvokerWrapper] Starting process:
[2024-12-01 16:24:01Z INFO ProcessInvokerWrapper]   File name: '/Users/minhtam/Desktop/grade-portal-be-go-2/actions-runner/bin/Runner.Worker'
[2024-12-01 16:24:01Z INFO ProcessInvokerWrapper]   Arguments: 'spawnclient 151 154'
[2024-12-01 16:24:01Z INFO ProcessInvokerWrapper]   Working directory: '/Users/minhtam/Desktop/grade-portal-be-go-2/actions-runner/bin'
[2024-12-01 16:24:01Z INFO ProcessInvokerWrapper]   Require exit code zero: 'False'
[2024-12-01 16:24:01Z INFO ProcessInvokerWrapper]   Encoding web name:  ; code page: ''
[2024-12-01 16:24:01Z INFO ProcessInvokerWrapper]   Force kill process on cancellation: 'True'
[2024-12-01 16:24:01Z INFO ProcessInvokerWrapper]   Redirected STDIN: 'False'
[2024-12-01 16:24:01Z INFO ProcessInvokerWrapper]   Persist current code page: 'False'
[2024-12-01 16:24:01Z INFO ProcessInvokerWrapper]   Keep redirected STDIN open: 'False'
[2024-12-01 16:24:01Z INFO ProcessInvokerWrapper]   High priority process: 'True'
[2024-12-01 16:24:01Z INFO ProcessInvokerWrapper] Process started with process id 55565, waiting for process exit.
[2024-12-01 16:24:01Z INFO JobDispatcher] Send job request message to worker for job e07742bd-189a-5079-918b-43f8b2f94b89.
[2024-12-01 16:24:01Z INFO ProcessChannel] Sending message of length 26051, with hash '8cafcab8cfe8e2df7cac3f2e0d5f1f48e8c485c0a77a4c46d69e0e446510ba73'
[2024-12-01 16:24:01Z INFO JobNotification] Entering JobStarted Notification
[2024-12-01 16:24:01Z INFO JobNotification] Entering StartMonitor
[2024-12-01 16:24:17Z INFO ProcessInvokerWrapper] STDOUT/STDERR stream read finished.
[2024-12-01 16:24:17Z INFO ProcessInvokerWrapper] STDOUT/STDERR stream read finished.
[2024-12-01 16:24:17Z INFO ProcessInvokerWrapper] Finished process 55565 with exit code 102, and elapsed time 00:00:16.0534554.
[2024-12-01 16:24:17Z INFO JobDispatcher] Worker finished for job e07742bd-189a-5079-918b-43f8b2f94b89. Code: 102
[2024-12-01 16:24:17Z INFO JobDispatcher] finish job request for job e07742bd-189a-5079-918b-43f8b2f94b89 with result: Failed
[2024-12-01 16:24:17Z INFO Terminal] WRITE LINE: 2024-12-01 16:24:17Z: Job deploy completed with result: Failed
[2024-12-01 16:24:17Z INFO JobDispatcher] Stop renew job request for job e07742bd-189a-5079-918b-43f8b2f94b89.
[2024-12-01 16:24:17Z INFO JobDispatcher] job renew has been cancelled, stop renew job request 22.
[2024-12-01 16:24:17Z INFO JobNotification] Entering JobCompleted Notification
[2024-12-01 16:24:17Z INFO JobNotification] Entering EndMonitor
[2024-12-01 16:24:17Z INFO MessageListener] Received job status event. JobState: Online
