[2024-12-01 16:22:33Z INFO HostContext] No proxy settings were found based on environmental variables (http_proxy/https_proxy/HTTP_PROXY/HTTPS_PROXY)
[2024-12-01 16:22:33Z INFO HostContext] Well known directory 'Bin': '/Users/minhtam/Desktop/grade-portal-be-go-2/actions-runner/bin'
[2024-12-01 16:22:33Z INFO HostContext] Well known directory 'Root': '/Users/minhtam/Desktop/grade-portal-be-go-2/actions-runner'
[2024-12-01 16:22:33Z INFO HostContext] Well known config file 'Credentials': '/Users/minhtam/Desktop/grade-portal-be-go-2/actions-runner/.credentials'
[2024-12-01 16:22:33Z INFO HostContext] Well known directory 'Bin': '/Users/minhtam/Desktop/grade-portal-be-go-2/actions-runner/bin'
[2024-12-01 16:22:33Z INFO HostContext] Well known directory 'Root': '/Users/minhtam/Desktop/grade-portal-be-go-2/actions-runner'
[2024-12-01 16:22:33Z INFO HostContext] Well known config file 'Runner': '/Users/minhtam/Desktop/grade-portal-be-go-2/actions-runner/.runner'
[2024-12-01 16:22:33Z INFO Listener] Runner is built for OSX (Arm64) - osx-arm64.
[2024-12-01 16:22:33Z INFO Listener] RuntimeInformation: Darwin 24.2.0 Darwin Kernel Version 24.2.0: Fri Nov 15 18:56:30 PST 2024; root:xnu-11215.61.2.501.1~1/RELEASE_ARM64_T6030.
[2024-12-01 16:22:33Z INFO Listener] Version: 2.321.0
[2024-12-01 16:22:33Z INFO Listener] Commit: e249007931b7c8e857797fa259c167f0bd4f997a
[2024-12-01 16:22:33Z INFO Listener] Culture: en-US
[2024-12-01 16:22:33Z INFO Listener] UI Culture: en-US
[2024-12-01 16:22:33Z INFO HostContext] Well known directory 'Bin': '/Users/minhtam/Desktop/grade-portal-be-go-2/actions-runner/bin'
[2024-12-01 16:22:33Z INFO HostContext] Well known directory 'Root': '/Users/minhtam/Desktop/grade-portal-be-go-2/actions-runner'
[2024-12-01 16:22:33Z INFO Listener] Validating directory permissions for: '/Users/minhtam/Desktop/grade-portal-be-go-2/actions-runner'
[2024-12-01 16:22:33Z INFO CommandLineParser] Parse
[2024-12-01 16:22:33Z INFO CommandLineParser] Parsing 5 args
[2024-12-01 16:22:33Z INFO CommandLineParser] parsing argument
[2024-12-01 16:22:33Z INFO CommandLineParser] HasArgs: False
[2024-12-01 16:22:33Z INFO CommandLineParser] Adding Command: configure
[2024-12-01 16:22:33Z INFO CommandLineParser] parsing argument
[2024-12-01 16:22:33Z INFO CommandLineParser] HasArgs: True
[2024-12-01 16:22:33Z INFO CommandLineParser] arg: url
[2024-12-01 16:22:33Z INFO CommandLineParser] parsing argument
[2024-12-01 16:22:33Z INFO CommandLineParser] HasArgs: True
[2024-12-01 16:22:33Z INFO CommandLineParser] Adding option 'url': 'https://github.com/dath-241/grade-portal-be-go-2'
[2024-12-01 16:22:33Z INFO CommandLineParser] parsing argument
[2024-12-01 16:22:33Z INFO CommandLineParser] HasArgs: True
[2024-12-01 16:22:33Z INFO CommandLineParser] arg: token
[2024-12-01 16:22:33Z INFO CommandLineParser] parsing argument
[2024-12-01 16:22:33Z INFO CommandLineParser] HasArgs: True
[2024-12-01 16:22:33Z INFO CommandLineParser] Adding option 'token': '***'
[2024-12-01 16:22:33Z INFO Listener] Arguments parsed
[2024-12-01 16:22:33Z INFO Runner] ExecuteCommand
[2024-12-01 16:22:33Z INFO ConfigurationStore] currentAssemblyLocation: /Users/minhtam/Desktop/grade-portal-be-go-2/actions-runner/bin/Runner.Listener.dll
[2024-12-01 16:22:33Z INFO HostContext] Well known directory 'Bin': '/Users/minhtam/Desktop/grade-portal-be-go-2/actions-runner/bin'
[2024-12-01 16:22:33Z INFO ConfigurationStore] binPath: /Users/minhtam/Desktop/grade-portal-be-go-2/actions-runner/bin
[2024-12-01 16:22:33Z INFO HostContext] Well known directory 'Bin': '/Users/minhtam/Desktop/grade-portal-be-go-2/actions-runner/bin'
[2024-12-01 16:22:33Z INFO HostContext] Well known directory 'Root': '/Users/minhtam/Desktop/grade-portal-be-go-2/actions-runner'
[2024-12-01 16:22:33Z INFO ConfigurationStore] RootFolder: /Users/minhtam/Desktop/grade-portal-be-go-2/actions-runner
[2024-12-01 16:22:33Z INFO HostContext] Well known directory 'Bin': '/Users/minhtam/Desktop/grade-portal-be-go-2/actions-runner/bin'
[2024-12-01 16:22:33Z INFO HostContext] Well known directory 'Root': '/Users/minhtam/Desktop/grade-portal-be-go-2/actions-runner'
[2024-12-01 16:22:33Z INFO HostContext] Well known config file 'Runner': '/Users/minhtam/Desktop/grade-portal-be-go-2/actions-runner/.runner'
[2024-12-01 16:22:33Z INFO ConfigurationStore] ConfigFilePath: /Users/minhtam/Desktop/grade-portal-be-go-2/actions-runner/.runner
[2024-12-01 16:22:33Z INFO HostContext] Well known directory 'Bin': '/Users/minhtam/Desktop/grade-portal-be-go-2/actions-runner/bin'
[2024-12-01 16:22:33Z INFO HostContext] Well known directory 'Root': '/Users/minhtam/Desktop/grade-portal-be-go-2/actions-runner'
[2024-12-01 16:22:33Z INFO HostContext] Well known config file 'Credentials': '/Users/minhtam/Desktop/grade-portal-be-go-2/actions-runner/.credentials'
[2024-12-01 16:22:33Z INFO ConfigurationStore] CredFilePath: /Users/minhtam/Desktop/grade-portal-be-go-2/actions-runner/.credentials
[2024-12-01 16:22:33Z INFO HostContext] Well known directory 'Bin': '/Users/minhtam/Desktop/grade-portal-be-go-2/actions-runner/bin'
[2024-12-01 16:22:33Z INFO HostContext] Well known directory 'Root': '/Users/minhtam/Desktop/grade-portal-be-go-2/actions-runner'
[2024-12-01 16:22:33Z INFO HostContext] Well known config file 'MigratedCredentials': '/Users/minhtam/Desktop/grade-portal-be-go-2/actions-runner/.credentials_migrated'
[2024-12-01 16:22:33Z INFO ConfigurationStore] MigratedCredFilePath: /Users/minhtam/Desktop/grade-portal-be-go-2/actions-runner/.credentials_migrated
[2024-12-01 16:22:33Z INFO HostContext] Well known directory 'Bin': '/Users/minhtam/Desktop/grade-portal-be-go-2/actions-runner/bin'
[2024-12-01 16:22:33Z INFO HostContext] Well known directory 'Root': '/Users/minhtam/Desktop/grade-portal-be-go-2/actions-runner'
[2024-12-01 16:22:33Z INFO HostContext] Well known config file 'Service': '/Users/minhtam/Desktop/grade-portal-be-go-2/actions-runner/.service'
[2024-12-01 16:22:33Z INFO ConfigurationStore] ServiceConfigFilePath: /Users/minhtam/Desktop/grade-portal-be-go-2/actions-runner/.service
[2024-12-01 16:22:33Z INFO CommandSettings] Flag 'help': 'False'
[2024-12-01 16:22:33Z INFO CommandSettings] Flag 'version': 'False'
[2024-12-01 16:22:33Z INFO CommandSettings] Flag 'commit': 'False'
[2024-12-01 16:22:33Z INFO CommandSettings] Flag 'check': 'False'
[2024-12-01 16:22:33Z INFO CommandSettings] Command 'configure': 'True'
[2024-12-01 16:22:33Z INFO Terminal] WRITE LINE: 
[2024-12-01 16:22:33Z INFO Terminal] WRITE LINE: --------------------------------------------------------------------------------
[2024-12-01 16:22:33Z INFO Terminal] WRITE LINE: |        ____ _ _   _   _       _          _        _   _                      |
[2024-12-01 16:22:33Z INFO Terminal] WRITE LINE: |       / ___(_) |_| | | |_   _| |__      / \   ___| |_(_) ___  _ __  ___      |
[2024-12-01 16:22:33Z INFO Terminal] WRITE LINE: |      | |  _| | __| |_| | | | | '_ \    / _ \ / __| __| |/ _ \| '_ \/ __|     |
[2024-12-01 16:22:33Z INFO Terminal] WRITE LINE: |      | |_| | | |_|  _  | |_| | |_) |  / ___ \ (__| |_| | (_) | | | \__ \     |
[2024-12-01 16:22:33Z INFO Terminal] WRITE LINE: |       \____|_|\__|_| |_|\__,_|_.__/  /_/   \_\___|\__|_|\___/|_| |_|___/     |
[2024-12-01 16:22:33Z INFO Terminal] WRITE LINE: |                                                                              |
[2024-12-01 16:22:33Z INFO Terminal] WRITE: |                       
[2024-12-01 16:22:33Z INFO Terminal] WRITE: Self-hosted runner registration
[2024-12-01 16:22:33Z INFO Terminal] WRITE LINE:                         |
[2024-12-01 16:22:33Z INFO Terminal] WRITE LINE: |                                                                              |
[2024-12-01 16:22:33Z INFO Terminal] WRITE LINE: --------------------------------------------------------------------------------
[2024-12-01 16:22:33Z INFO ConfigurationManager] ConfigureAsync
[2024-12-01 16:22:33Z INFO CommandSettings] Flag 'generateServiceConfig': 'False'
[2024-12-01 16:22:33Z INFO ConfigurationStore] IsConfigured()
[2024-12-01 16:22:33Z INFO ConfigurationStore] IsConfigured: False
[2024-12-01 16:22:33Z INFO ConfigurationManager] Is configured: False
[2024-12-01 16:22:33Z INFO CommandSettings] Arg 'url': 'https://github.com/dath-241/grade-portal-be-go-2'
[2024-12-01 16:22:33Z INFO CommandSettings] Remove url from Arg dictionary.
[2024-12-01 16:22:33Z INFO CommandSettings] Arg 'token': '***'
[2024-12-01 16:22:33Z INFO CommandSettings] Remove token from Arg dictionary.
[2024-12-01 16:22:34Z INFO ConfigurationManager] Http response code: OK from 'POST https://api.github.com/actions/runner-registration' (E50A:3367D:C7A861:E3DD87:674C8D49)
[2024-12-01 16:22:34Z INFO ConfigurationManager] Using V2 flow: False
[2024-12-01 16:22:34Z INFO ConfigurationManager] cred retrieved via GitHub auth
[2024-12-01 16:22:34Z INFO RunnerServer] EstablishVssConnection
[2024-12-01 16:22:34Z INFO RunnerServer] Establish connection with 100 seconds timeout.
[2024-12-01 16:22:34Z INFO GitHubActionsService] Starting operation Location.GetConnectionData
[2024-12-01 16:22:34Z INFO RunnerServer] EstablishVssConnection
[2024-12-01 16:22:34Z INFO RunnerServer] Establish connection with 60 seconds timeout.
[2024-12-01 16:22:34Z INFO GitHubActionsService] Starting operation Location.GetConnectionData
[2024-12-01 16:22:34Z INFO RunnerServer] EstablishVssConnection
[2024-12-01 16:22:34Z INFO RunnerServer] Establish connection with 60 seconds timeout.
[2024-12-01 16:22:34Z INFO GitHubActionsService] Starting operation Location.GetConnectionData
[2024-12-01 16:22:35Z INFO GitHubActionsService] Finished operation Location.GetConnectionData
[2024-12-01 16:22:35Z INFO GitHubActionsService] Finished operation Location.GetConnectionData
[2024-12-01 16:22:35Z INFO GitHubActionsService] Finished operation Location.GetConnectionData
[2024-12-01 16:22:35Z INFO Terminal] WRITE LINE: 
[2024-12-01 16:22:35Z INFO ConfigurationManager] Test Connection complete.
[2024-12-01 16:22:35Z INFO HostContext] Well known directory 'Bin': '/Users/minhtam/Desktop/grade-portal-be-go-2/actions-runner/bin'
[2024-12-01 16:22:35Z INFO HostContext] Well known directory 'Root': '/Users/minhtam/Desktop/grade-portal-be-go-2/actions-runner'
[2024-12-01 16:22:35Z INFO HostContext] Well known config file 'RSACredentials': '/Users/minhtam/Desktop/grade-portal-be-go-2/actions-runner/.credentials_rsaparams'
[2024-12-01 16:22:35Z INFO RSAFileKeyManager] Creating new RSA key using 2048-bit key length
[2024-12-01 16:22:35Z INFO RSAFileKeyManager] Successfully saved RSA key parameters to file /Users/minhtam/Desktop/grade-portal-be-go-2/actions-runner/.credentials_rsaparams
[2024-12-01 16:22:35Z INFO RSAFileKeyManager] Which2: 'chmod'
[2024-12-01 16:22:35Z INFO RSAFileKeyManager] Location: '/bin/chmod'
[2024-12-01 16:22:35Z INFO HostContext] Well known directory 'Bin': '/Users/minhtam/Desktop/grade-portal-be-go-2/actions-runner/bin'
[2024-12-01 16:22:35Z INFO HostContext] Well known directory 'Root': '/Users/minhtam/Desktop/grade-portal-be-go-2/actions-runner'
[2024-12-01 16:22:35Z INFO ProcessInvokerWrapper] Starting process:
[2024-12-01 16:22:35Z INFO ProcessInvokerWrapper]   File name: '/bin/chmod'
[2024-12-01 16:22:35Z INFO ProcessInvokerWrapper]   Arguments: '600 /Users/minhtam/Desktop/grade-portal-be-go-2/actions-runner/.credentials_rsaparams'
[2024-12-01 16:22:35Z INFO ProcessInvokerWrapper]   Working directory: '/Users/minhtam/Desktop/grade-portal-be-go-2/actions-runner'
[2024-12-01 16:22:35Z INFO ProcessInvokerWrapper]   Require exit code zero: 'False'
[2024-12-01 16:22:35Z INFO ProcessInvokerWrapper]   Encoding web name:  ; code page: ''
[2024-12-01 16:22:35Z INFO ProcessInvokerWrapper]   Force kill process on cancellation: 'False'
[2024-12-01 16:22:35Z INFO ProcessInvokerWrapper]   Redirected STDIN: 'False'
[2024-12-01 16:22:35Z INFO ProcessInvokerWrapper]   Persist current code page: 'False'
[2024-12-01 16:22:35Z INFO ProcessInvokerWrapper]   Keep redirected STDIN open: 'False'
[2024-12-01 16:22:35Z INFO ProcessInvokerWrapper]   High priority process: 'False'
[2024-12-01 16:22:35Z INFO ProcessInvokerWrapper] Process started with process id 54839, waiting for process exit.
[2024-12-01 16:22:35Z INFO ProcessInvokerWrapper] STDOUT/STDERR stream read finished.
[2024-12-01 16:22:35Z INFO ProcessInvokerWrapper] STDOUT/STDERR stream read finished.
[2024-12-01 16:22:35Z INFO ProcessInvokerWrapper] Finished process 54839 with exit code 0, and elapsed time 00:00:00.0372171.
[2024-12-01 16:22:35Z INFO RSAFileKeyManager] Successfully set permissions for RSA key parameters file /Users/minhtam/Desktop/grade-portal-be-go-2/actions-runner/.credentials_rsaparams
[2024-12-01 16:22:36Z INFO CommandSettings] Arg 'runnergroup': ''
[2024-12-01 16:22:36Z INFO CommandSettings] Flag 'unattended': 'False'
[2024-12-01 16:22:36Z INFO PromptManager] ReadValue
[2024-12-01 16:22:36Z INFO Terminal] WRITE: Enter the name of the runner group to add this runner to: 
[2024-12-01 16:22:36Z INFO Terminal] WRITE: [press Enter for Default] 
[2024-12-01 16:22:36Z INFO Terminal] READ LINE
[2024-12-01 16:22:36Z INFO Terminal] Read value: ''
[2024-12-01 16:22:36Z INFO PromptManager] Falling back to the default: 'Default'
[2024-12-01 16:22:36Z INFO Terminal] WRITE LINE: 
[2024-12-01 16:22:36Z INFO ConfigurationManager] Found a self-hosted runner group with id 1 and name Default
[2024-12-01 16:22:36Z INFO CommandSettings] Flag 'disableupdate': 'False'
[2024-12-01 16:22:36Z INFO CommandSettings] Flag 'ephemeral': 'False'
[2024-12-01 16:22:36Z INFO CommandSettings] Arg 'name': ''
[2024-12-01 16:22:36Z INFO CommandSettings] Flag 'unattended': 'False'
[2024-12-01 16:22:36Z INFO PromptManager] ReadValue
[2024-12-01 16:22:36Z INFO Terminal] WRITE: Enter the name of runner: 
[2024-12-01 16:22:36Z INFO Terminal] WRITE: [press Enter for MacBook-Pro-cua-Minh] 
[2024-12-01 16:22:36Z INFO Terminal] READ LINE
[2024-12-01 16:22:36Z INFO Terminal] Read value: ''
[2024-12-01 16:22:36Z INFO PromptManager] Falling back to the default: 'MacBook-Pro-cua-Minh'
[2024-12-01 16:22:36Z INFO Terminal] WRITE LINE: 
[2024-12-01 16:22:36Z INFO CommandSettings] Arg 'labels': ''
[2024-12-01 16:22:36Z INFO CommandSettings] Flag 'unattended': 'False'
[2024-12-01 16:22:36Z INFO PromptManager] ReadValue
[2024-12-01 16:22:36Z INFO Terminal] WRITE: This runner will have the following labels: 'self-hosted', 'macOS', 'ARM64' 
Enter any additional labels (ex. label-1,label-2): 
[2024-12-01 16:22:36Z INFO Terminal] WRITE: [press Enter to skip] 
[2024-12-01 16:22:36Z INFO Terminal] READ LINE
[2024-12-01 16:22:36Z INFO Terminal] Read value: ''
[2024-12-01 16:22:36Z INFO Terminal] WRITE LINE: 
[2024-12-01 16:22:36Z INFO CommandSettings] Flag 'disableupdate': 'False'
[2024-12-01 16:22:36Z INFO CommandSettings] Flag 'no-default-labels': 'False'
[2024-12-01 16:22:37Z INFO CommandSettings] Flag 'disableupdate': 'False'
[2024-12-01 16:22:37Z INFO CommandSettings] Flag 'ephemeral': 'False'
[2024-12-01 16:22:37Z INFO ConfigurationStore] Saving OAuth credential @ /Users/minhtam/Desktop/grade-portal-be-go-2/actions-runner/.credentials
[2024-12-01 16:22:37Z INFO ConfigurationStore] Credentials Saved.
[2024-12-01 16:22:37Z INFO ConfigurationStore] HasCredentials()
[2024-12-01 16:22:37Z INFO ConfigurationStore] stored True
[2024-12-01 16:22:37Z INFO CredentialManager] GetCredentialProvider
[2024-12-01 16:22:37Z INFO CredentialManager] Creating type OAuth
[2024-12-01 16:22:37Z INFO CredentialManager] Creating credential type: OAuth
[2024-12-01 16:22:37Z INFO RSAFileKeyManager] Loading RSA key parameters from file /Users/minhtam/Desktop/grade-portal-be-go-2/actions-runner/.credentials_rsaparams
[2024-12-01 16:22:37Z INFO RunnerServer] EstablishVssConnection
[2024-12-01 16:22:37Z INFO RunnerServer] Establish connection with 100 seconds timeout.
[2024-12-01 16:22:37Z INFO GitHubActionsService] Starting operation Location.GetConnectionData
[2024-12-01 16:22:37Z INFO RunnerServer] EstablishVssConnection
[2024-12-01 16:22:37Z INFO RunnerServer] Establish connection with 60 seconds timeout.
[2024-12-01 16:22:37Z INFO GitHubActionsService] Starting operation Location.GetConnectionData
[2024-12-01 16:22:37Z INFO RunnerServer] EstablishVssConnection
[2024-12-01 16:22:37Z INFO RunnerServer] Establish connection with 60 seconds timeout.
[2024-12-01 16:22:37Z INFO GitHubActionsService] Starting operation Location.GetConnectionData
[2024-12-01 16:22:38Z INFO GitHubActionsService] Finished operation Location.GetConnectionData
[2024-12-01 16:22:38Z INFO GitHubActionsService] Finished operation Location.GetConnectionData
[2024-12-01 16:22:38Z INFO GitHubActionsService] Finished operation Location.GetConnectionData
[2024-12-01 16:22:38Z INFO RSAFileKeyManager] Loading RSA key parameters from file /Users/minhtam/Desktop/grade-portal-be-go-2/actions-runner/.credentials_rsaparams
[2024-12-01 16:22:38Z INFO RSAFileKeyManager] Loading RSA key parameters from file /Users/minhtam/Desktop/grade-portal-be-go-2/actions-runner/.credentials_rsaparams
[2024-12-01 16:22:40Z INFO GitHubActionsService] AAD Correlation ID for this token request: Unknown
[2024-12-01 16:22:40Z WARN GitHubActionsService] Retrieving an AAD auth token took a long time (2.251453 seconds)
[2024-12-01 16:22:41Z INFO CommandSettings] Arg 'work': ''
[2024-12-01 16:22:41Z INFO CommandSettings] Flag 'unattended': 'False'
[2024-12-01 16:22:41Z INFO PromptManager] ReadValue
[2024-12-01 16:22:41Z INFO Terminal] WRITE: Enter name of work folder: 
[2024-12-01 16:22:41Z INFO Terminal] WRITE: [press Enter for _work] 
[2024-12-01 16:22:41Z INFO Terminal] READ LINE
[2024-12-01 16:22:41Z INFO Terminal] Read value: ''
[2024-12-01 16:22:41Z INFO PromptManager] Falling back to the default: '_work'
[2024-12-01 16:22:41Z INFO ConfigurationStore] Saving runner settings.
[2024-12-01 16:22:41Z INFO ConfigurationStore] Settings Saved.
[2024-12-01 16:22:41Z INFO Terminal] WRITE LINE: 
[2024-12-01 16:22:41Z INFO Terminal] WRITE LINE: 
[2024-12-01 16:22:41Z INFO OsxServiceControlManager] Service name 'actions.runner.dath-241-grade-portal-be-go-2.MacBook-Pro-cua-Minh' display name 'GitHub Actions Runner (dath-241-grade-portal-be-go-2.MacBook-Pro-cua-Minh)' will be used for service configuration.
[2024-12-01 16:22:41Z INFO HostContext] Well known directory 'Bin': '/Users/minhtam/Desktop/grade-portal-be-go-2/actions-runner/bin'
[2024-12-01 16:22:41Z INFO HostContext] Well known directory 'Root': '/Users/minhtam/Desktop/grade-portal-be-go-2/actions-runner'
[2024-12-01 16:22:41Z INFO HostContext] Well known directory 'Bin': '/Users/minhtam/Desktop/grade-portal-be-go-2/actions-runner/bin'
[2024-12-01 16:22:41Z INFO HostContext] Well known directory 'Bin': '/Users/minhtam/Desktop/grade-portal-be-go-2/actions-runner/bin'
[2024-12-01 16:22:41Z INFO HostContext] Well known directory 'Root': '/Users/minhtam/Desktop/grade-portal-be-go-2/actions-runner'
[2024-12-01 16:22:41Z INFO UnixUtil] Which2: 'chmod'
[2024-12-01 16:22:41Z INFO UnixUtil] Location: '/bin/chmod'
[2024-12-01 16:22:41Z INFO UnixUtil] Running /bin/chmod 755 "/Users/minhtam/Desktop/grade-portal-be-go-2/actions-runner/svc.sh"
[2024-12-01 16:22:41Z INFO ProcessInvokerWrapper] Starting process:
[2024-12-01 16:22:41Z INFO ProcessInvokerWrapper]   File name: '/bin/chmod'
[2024-12-01 16:22:41Z INFO ProcessInvokerWrapper]   Arguments: '755 "/Users/minhtam/Desktop/grade-portal-be-go-2/actions-runner/svc.sh"'
[2024-12-01 16:22:41Z INFO ProcessInvokerWrapper]   Working directory: '/Users/minhtam/Desktop/grade-portal-be-go-2/actions-runner'
[2024-12-01 16:22:41Z INFO ProcessInvokerWrapper]   Require exit code zero: 'True'
[2024-12-01 16:22:41Z INFO ProcessInvokerWrapper]   Encoding web name:  ; code page: ''
[2024-12-01 16:22:41Z INFO ProcessInvokerWrapper]   Force kill process on cancellation: 'False'
[2024-12-01 16:22:41Z INFO ProcessInvokerWrapper]   Redirected STDIN: 'False'
[2024-12-01 16:22:41Z INFO ProcessInvokerWrapper]   Persist current code page: 'False'
[2024-12-01 16:22:41Z INFO ProcessInvokerWrapper]   Keep redirected STDIN open: 'False'
[2024-12-01 16:22:41Z INFO ProcessInvokerWrapper]   High priority process: 'False'
[2024-12-01 16:22:41Z INFO ProcessInvokerWrapper] Process started with process id 54857, waiting for process exit.
[2024-12-01 16:22:41Z INFO ProcessInvokerWrapper] STDOUT/STDERR stream read finished.
[2024-12-01 16:22:41Z INFO ProcessInvokerWrapper] STDOUT/STDERR stream read finished.
[2024-12-01 16:22:41Z INFO ProcessInvokerWrapper] Finished process 54857 with exit code 0, and elapsed time 00:00:00.0346009.
[2024-12-01 16:22:41Z INFO Listener] Runner execution has finished with return code 0
