[2024-12-01 16:38:05Z INFO HostContext] No proxy settings were found based on environmental variables (http_proxy/https_proxy/HTTP_PROXY/HTTPS_PROXY)
[2024-12-01 16:38:05Z INFO HostContext] Well known directory 'Bin': '/Users/minhtam/Desktop/grade-portal-be-go-2/actions-runner/bin'
[2024-12-01 16:38:05Z INFO HostContext] Well known directory 'Root': '/Users/minhtam/Desktop/grade-portal-be-go-2/actions-runner'
[2024-12-01 16:38:05Z INFO HostContext] Well known config file 'Credentials': '/Users/minhtam/Desktop/grade-portal-be-go-2/actions-runner/.credentials'
[2024-12-01 16:38:05Z INFO HostContext] Well known directory 'Bin': '/Users/minhtam/Desktop/grade-portal-be-go-2/actions-runner/bin'
[2024-12-01 16:38:05Z INFO HostContext] Well known directory 'Root': '/Users/minhtam/Desktop/grade-portal-be-go-2/actions-runner'
[2024-12-01 16:38:05Z INFO HostContext] Well known config file 'Runner': '/Users/minhtam/Desktop/grade-portal-be-go-2/actions-runner/.runner'
[2024-12-01 16:38:05Z INFO Listener] Runner is built for OSX (Arm64) - osx-arm64.
[2024-12-01 16:38:05Z INFO Listener] RuntimeInformation: Darwin 24.2.0 Darwin Kernel Version 24.2.0: Fri Nov 15 18:56:30 PST 2024; root:xnu-11215.61.2.501.1~1/RELEASE_ARM64_T6030.
[2024-12-01 16:38:05Z INFO Listener] Version: 2.321.0
[2024-12-01 16:38:05Z INFO Listener] Commit: e249007931b7c8e857797fa259c167f0bd4f997a
[2024-12-01 16:38:05Z INFO Listener] Culture: en-US
[2024-12-01 16:38:05Z INFO Listener] UI Culture: en-US
[2024-12-01 16:38:05Z INFO HostContext] Well known directory 'Bin': '/Users/minhtam/Desktop/grade-portal-be-go-2/actions-runner/bin'
[2024-12-01 16:38:05Z INFO HostContext] Well known directory 'Root': '/Users/minhtam/Desktop/grade-portal-be-go-2/actions-runner'
[2024-12-01 16:38:05Z INFO Listener] Validating directory permissions for: '/Users/minhtam/Desktop/grade-portal-be-go-2/actions-runner'
[2024-12-01 16:38:05Z INFO CommandLineParser] Parse
[2024-12-01 16:38:05Z INFO CommandLineParser] Parsing 1 args
[2024-12-01 16:38:05Z INFO CommandLineParser] parsing argument
[2024-12-01 16:38:05Z INFO CommandLineParser] HasArgs: False
[2024-12-01 16:38:05Z INFO CommandLineParser] Adding Command: run
[2024-12-01 16:38:05Z INFO Listener] Arguments parsed
[2024-12-01 16:38:05Z INFO Runner] ExecuteCommand
[2024-12-01 16:38:05Z INFO ConfigurationStore] currentAssemblyLocation: /Users/minhtam/Desktop/grade-portal-be-go-2/actions-runner/bin/Runner.Listener.dll
[2024-12-01 16:38:05Z INFO HostContext] Well known directory 'Bin': '/Users/minhtam/Desktop/grade-portal-be-go-2/actions-runner/bin'
[2024-12-01 16:38:05Z INFO ConfigurationStore] binPath: /Users/minhtam/Desktop/grade-portal-be-go-2/actions-runner/bin
[2024-12-01 16:38:05Z INFO HostContext] Well known directory 'Bin': '/Users/minhtam/Desktop/grade-portal-be-go-2/actions-runner/bin'
[2024-12-01 16:38:05Z INFO HostContext] Well known directory 'Root': '/Users/minhtam/Desktop/grade-portal-be-go-2/actions-runner'
[2024-12-01 16:38:05Z INFO ConfigurationStore] RootFolder: /Users/minhtam/Desktop/grade-portal-be-go-2/actions-runner
[2024-12-01 16:38:05Z INFO HostContext] Well known directory 'Bin': '/Users/minhtam/Desktop/grade-portal-be-go-2/actions-runner/bin'
[2024-12-01 16:38:05Z INFO HostContext] Well known directory 'Root': '/Users/minhtam/Desktop/grade-portal-be-go-2/actions-runner'
[2024-12-01 16:38:05Z INFO HostContext] Well known config file 'Runner': '/Users/minhtam/Desktop/grade-portal-be-go-2/actions-runner/.runner'
[2024-12-01 16:38:05Z INFO ConfigurationStore] ConfigFilePath: /Users/minhtam/Desktop/grade-portal-be-go-2/actions-runner/.runner
[2024-12-01 16:38:05Z INFO HostContext] Well known directory 'Bin': '/Users/minhtam/Desktop/grade-portal-be-go-2/actions-runner/bin'
[2024-12-01 16:38:05Z INFO HostContext] Well known directory 'Root': '/Users/minhtam/Desktop/grade-portal-be-go-2/actions-runner'
[2024-12-01 16:38:05Z INFO HostContext] Well known config file 'Credentials': '/Users/minhtam/Desktop/grade-portal-be-go-2/actions-runner/.credentials'
[2024-12-01 16:38:05Z INFO ConfigurationStore] CredFilePath: /Users/minhtam/Desktop/grade-portal-be-go-2/actions-runner/.credentials
[2024-12-01 16:38:05Z INFO HostContext] Well known directory 'Bin': '/Users/minhtam/Desktop/grade-portal-be-go-2/actions-runner/bin'
[2024-12-01 16:38:05Z INFO HostContext] Well known directory 'Root': '/Users/minhtam/Desktop/grade-portal-be-go-2/actions-runner'
[2024-12-01 16:38:05Z INFO HostContext] Well known config file 'MigratedCredentials': '/Users/minhtam/Desktop/grade-portal-be-go-2/actions-runner/.credentials_migrated'
[2024-12-01 16:38:05Z INFO ConfigurationStore] MigratedCredFilePath: /Users/minhtam/Desktop/grade-portal-be-go-2/actions-runner/.credentials_migrated
[2024-12-01 16:38:05Z INFO HostContext] Well known directory 'Bin': '/Users/minhtam/Desktop/grade-portal-be-go-2/actions-runner/bin'
[2024-12-01 16:38:05Z INFO HostContext] Well known directory 'Root': '/Users/minhtam/Desktop/grade-portal-be-go-2/actions-runner'
[2024-12-01 16:38:05Z INFO HostContext] Well known config file 'Service': '/Users/minhtam/Desktop/grade-portal-be-go-2/actions-runner/.service'
[2024-12-01 16:38:05Z INFO ConfigurationStore] ServiceConfigFilePath: /Users/minhtam/Desktop/grade-portal-be-go-2/actions-runner/.service
[2024-12-01 16:38:05Z INFO CommandSettings] Flag 'help': 'False'
[2024-12-01 16:38:05Z INFO CommandSettings] Flag 'version': 'False'
[2024-12-01 16:38:05Z INFO CommandSettings] Flag 'commit': 'False'
[2024-12-01 16:38:05Z INFO CommandSettings] Flag 'check': 'False'
[2024-12-01 16:38:05Z INFO CommandSettings] Command 'configure': 'False'
[2024-12-01 16:38:05Z INFO CommandSettings] Command 'remove': 'False'
[2024-12-01 16:38:05Z INFO CommandSettings] Command 'warmup': 'False'
[2024-12-01 16:38:05Z INFO ConfigurationManager] LoadSettings
[2024-12-01 16:38:05Z INFO ConfigurationStore] IsConfigured()
[2024-12-01 16:38:05Z INFO ConfigurationStore] IsConfigured: True
[2024-12-01 16:38:05Z INFO ConfigurationManager] Is configured: True
[2024-12-01 16:38:05Z INFO ConfigurationStore] Read setting file: 316 chars
[2024-12-01 16:38:05Z INFO ConfigurationManager] Settings Loaded
[2024-12-01 16:38:05Z INFO ConfigurationStore] IsServiceConfigured()
[2024-12-01 16:38:05Z INFO ConfigurationStore] IsServiceConfigured: False
[2024-12-01 16:38:05Z INFO CommandSettings] Command 'run': 'True'
[2024-12-01 16:38:05Z INFO ConfigurationStore] IsConfigured()
[2024-12-01 16:38:05Z INFO ConfigurationStore] IsConfigured: True
[2024-12-01 16:38:05Z INFO ConfigurationManager] Is configured: True
[2024-12-01 16:38:05Z INFO Runner] Could not parse the argument value '' for StartupType. Defaulting to Manual
[2024-12-01 16:38:05Z INFO Runner] Set runner startup type - Manual
[2024-12-01 16:38:05Z INFO CommandSettings] Flag 'once': 'False'
[2024-12-01 16:38:05Z INFO CommandSettings] Flag 'once': 'False'
[2024-12-01 16:38:05Z INFO Runner] RunAsync
[2024-12-01 16:38:05Z INFO ConfigurationManager] LoadSettings
[2024-12-01 16:38:05Z INFO ConfigurationStore] IsConfigured()
[2024-12-01 16:38:05Z INFO ConfigurationStore] IsConfigured: True
[2024-12-01 16:38:05Z INFO ConfigurationManager] Is configured: True
[2024-12-01 16:38:05Z INFO ConfigurationManager] Settings Loaded
[2024-12-01 16:38:05Z INFO MessageListener] {
  "AgentId": 23,
  "AgentName": "MacBook-Pro-cua-Minh",
  "PoolId": 1,
  "PoolName": "Default",
  "ServerUrl": "https://pipelinesghubeus3.actions.githubusercontent.com/w55GNj1vEeFmjTkbS3NJtWUKX0oBbmxnZi0t8zVE35yDL3A2FL/",
  "GitHubUrl": "https://github.com/dath-241/grade-portal-be-go-2",
  "WorkFolder": "_work"
}
[2024-12-01 16:38:05Z INFO MessageListener] Loading Credentials
[2024-12-01 16:38:05Z INFO ConfigurationStore] HasCredentials()
[2024-12-01 16:38:05Z INFO ConfigurationStore] stored True
[2024-12-01 16:38:05Z INFO CredentialManager] GetCredentialProvider
[2024-12-01 16:38:05Z INFO CredentialManager] Creating type OAuth
[2024-12-01 16:38:05Z INFO CredentialManager] Creating credential type: OAuth
[2024-12-01 16:38:05Z INFO HostContext] Well known directory 'Bin': '/Users/minhtam/Desktop/grade-portal-be-go-2/actions-runner/bin'
[2024-12-01 16:38:05Z INFO HostContext] Well known directory 'Root': '/Users/minhtam/Desktop/grade-portal-be-go-2/actions-runner'
[2024-12-01 16:38:05Z INFO HostContext] Well known config file 'RSACredentials': '/Users/minhtam/Desktop/grade-portal-be-go-2/actions-runner/.credentials_rsaparams'
[2024-12-01 16:38:05Z INFO RSAFileKeyManager] Loading RSA key parameters from file /Users/minhtam/Desktop/grade-portal-be-go-2/actions-runner/.credentials_rsaparams
[2024-12-01 16:38:05Z INFO MessageListener] Attempt to create session.
[2024-12-01 16:38:05Z INFO MessageListener] Connecting to the Runner Server...
[2024-12-01 16:38:05Z INFO RunnerServer] EstablishVssConnection
[2024-12-01 16:38:05Z INFO RunnerServer] Establish connection with 100 seconds timeout.
[2024-12-01 16:38:05Z INFO GitHubActionsService] Starting operation Location.GetConnectionData
[2024-12-01 16:38:05Z INFO RunnerServer] EstablishVssConnection
[2024-12-01 16:38:05Z INFO RunnerServer] Establish connection with 60 seconds timeout.
[2024-12-01 16:38:05Z INFO GitHubActionsService] Starting operation Location.GetConnectionData
[2024-12-01 16:38:05Z INFO RunnerServer] EstablishVssConnection
[2024-12-01 16:38:05Z INFO RunnerServer] Establish connection with 60 seconds timeout.
[2024-12-01 16:38:05Z INFO GitHubActionsService] Starting operation Location.GetConnectionData
[2024-12-01 16:38:06Z INFO GitHubActionsService] Finished operation Location.GetConnectionData
[2024-12-01 16:38:06Z INFO GitHubActionsService] Finished operation Location.GetConnectionData
[2024-12-01 16:38:06Z INFO GitHubActionsService] Finished operation Location.GetConnectionData
[2024-12-01 16:38:06Z INFO MessageListener] VssConnection created
[2024-12-01 16:38:06Z INFO Terminal] WRITE LINE: 
[2024-12-01 16:38:06Z INFO Terminal] WRITE LINE: 
[2024-12-01 16:38:06Z INFO RSAFileKeyManager] Loading RSA key parameters from file /Users/minhtam/Desktop/grade-portal-be-go-2/actions-runner/.credentials_rsaparams
[2024-12-01 16:38:06Z INFO RSAFileKeyManager] Loading RSA key parameters from file /Users/minhtam/Desktop/grade-portal-be-go-2/actions-runner/.credentials_rsaparams
[2024-12-01 16:38:08Z INFO GitHubActionsService] AAD Correlation ID for this token request: Unknown
[2024-12-01 16:38:08Z INFO MessageListener] Session created.
[2024-12-01 16:38:08Z INFO Terminal] WRITE LINE: Current runner version: '2.321.0'
[2024-12-01 16:38:08Z INFO Terminal] WRITE LINE: 2024-12-01 16:38:08Z: Listening for Jobs
[2024-12-01 16:38:08Z INFO JobDispatcher] Set runner/worker IPC timeout to 30 seconds.
[2024-12-01 16:38:08Z INFO RSAFileKeyManager] Loading RSA key parameters from file /Users/minhtam/Desktop/grade-portal-be-go-2/actions-runner/.credentials_rsaparams
[2024-12-01 16:38:09Z INFO GitHubActionsService] AAD Correlation ID for this token request: Unknown
[2024-12-01 16:38:11Z INFO MessageListener] Message '6939896290408382600' received from session 'd438ca45-2dd1-4ae6-ba04-83caf6f99ad6'.
[2024-12-01 16:38:11Z INFO ConfigurationStore] HasCredentials()
[2024-12-01 16:38:11Z INFO ConfigurationStore] stored True
[2024-12-01 16:38:11Z INFO CredentialManager] GetCredentialProvider
[2024-12-01 16:38:11Z INFO CredentialManager] Creating type OAuth
[2024-12-01 16:38:11Z INFO CredentialManager] Creating credential type: OAuth
[2024-12-01 16:38:11Z INFO RSAFileKeyManager] Loading RSA key parameters from file /Users/minhtam/Desktop/grade-portal-be-go-2/actions-runner/.credentials_rsaparams
[2024-12-01 16:38:11Z INFO ActionsRunServer] EstablishVssConnection
[2024-12-01 16:38:11Z INFO ActionsRunServer] Establish connection with 100 seconds timeout.
[2024-12-01 16:38:11Z INFO GitHubActionsService] Starting operation Location.GetConnectionData
[2024-12-01 16:38:12Z INFO GitHubActionsService] Finished operation Location.GetConnectionData
[2024-12-01 16:38:12Z INFO RSAFileKeyManager] Loading RSA key parameters from file /Users/minhtam/Desktop/grade-portal-be-go-2/actions-runner/.credentials_rsaparams
[2024-12-01 16:38:12Z INFO RSAFileKeyManager] Loading RSA key parameters from file /Users/minhtam/Desktop/grade-portal-be-go-2/actions-runner/.credentials_rsaparams
[2024-12-01 16:38:13Z INFO GitHubActionsService] AAD Correlation ID for this token request: Unknown
[2024-12-01 16:38:14Z INFO JobDispatcher] Job request 24 for plan 75a872b8-c468-4ec0-af67-6c0b2fb86372 job e07742bd-189a-5079-918b-43f8b2f94b89 received.
[2024-12-01 16:38:14Z INFO JobDispatcher] Pull OrchestrationId 75a872b8-c468-4ec0-af67-6c0b2fb86372.deploy.__default from JWT claims
[2024-12-01 16:38:14Z INFO MessageListener] Received job status event. JobState: Busy
[2024-12-01 16:38:14Z INFO MessageListener] _getMessagesTokenSource is already disposed.
[2024-12-01 16:38:14Z INFO Terminal] WRITE LINE: 2024-12-01 16:38:14Z: Running job: deploy
[2024-12-01 16:38:14Z INFO JobDispatcher] Start renew job request 24 for job e07742bd-189a-5079-918b-43f8b2f94b89.
[2024-12-01 16:38:14Z INFO JobDispatcher] Successfully renew job request 24, job is valid till 12/1/2024 4:48:14 PM
[2024-12-01 16:38:14Z INFO HostContext] Well known directory 'Bin': '/Users/minhtam/Desktop/grade-portal-be-go-2/actions-runner/bin'
[2024-12-01 16:38:14Z INFO ProcessInvokerWrapper] Starting process:
[2024-12-01 16:38:14Z INFO ProcessInvokerWrapper]   File name: '/Users/minhtam/Desktop/grade-portal-be-go-2/actions-runner/bin/Runner.Worker'
[2024-12-01 16:38:14Z INFO ProcessInvokerWrapper]   Arguments: 'spawnclient 151 154'
[2024-12-01 16:38:14Z INFO ProcessInvokerWrapper]   Working directory: '/Users/minhtam/Desktop/grade-portal-be-go-2/actions-runner/bin'
[2024-12-01 16:38:14Z INFO ProcessInvokerWrapper]   Require exit code zero: 'False'
[2024-12-01 16:38:14Z INFO ProcessInvokerWrapper]   Encoding web name:  ; code page: ''
[2024-12-01 16:38:14Z INFO ProcessInvokerWrapper]   Force kill process on cancellation: 'True'
[2024-12-01 16:38:14Z INFO ProcessInvokerWrapper]   Redirected STDIN: 'False'
[2024-12-01 16:38:14Z INFO ProcessInvokerWrapper]   Persist current code page: 'False'
[2024-12-01 16:38:14Z INFO ProcessInvokerWrapper]   Keep redirected STDIN open: 'False'
[2024-12-01 16:38:14Z INFO ProcessInvokerWrapper]   High priority process: 'True'
[2024-12-01 16:38:14Z INFO ProcessInvokerWrapper] Process started with process id 58344, waiting for process exit.
[2024-12-01 16:38:14Z INFO JobDispatcher] Send job request message to worker for job e07742bd-189a-5079-918b-43f8b2f94b89.
[2024-12-01 16:38:14Z INFO ProcessChannel] Sending message of length 26024, with hash '21a05e511989f2c19786221be75e669a526003d96e3290e5fd7afbc8f865ace9'
[2024-12-01 16:38:14Z INFO JobNotification] Entering JobStarted Notification
[2024-12-01 16:38:14Z INFO JobNotification] Entering StartMonitor
[2024-12-01 16:39:03Z INFO MessageListener] Message '8036943468285162997' received from session 'd438ca45-2dd1-4ae6-ba04-83caf6f99ad6'.
[2024-12-01 16:39:03Z INFO JobDispatcher] Job cancellation request e07742bd-189a-5079-918b-43f8b2f94b89 received, cancellation timeout 5 minutes.
[2024-12-01 16:39:03Z INFO JobDispatcher] Send job cancellation message to worker for job e07742bd-189a-5079-918b-43f8b2f94b89.
[2024-12-01 16:39:03Z INFO ProcessChannel] Sending message of length 0, with hash 'e3b0c44298fc1c149afbf4c8996fb92427ae41e4649b934ca495991b7852b855'
[2024-12-01 16:39:10Z INFO ProcessInvokerWrapper] STDOUT/STDERR stream read finished.
[2024-12-01 16:39:10Z INFO ProcessInvokerWrapper] STDOUT/STDERR stream read finished.
[2024-12-01 16:39:10Z INFO ProcessInvokerWrapper] Finished process 58344 with exit code 103, and elapsed time 00:00:56.1105739.
[2024-12-01 16:39:10Z INFO JobDispatcher] finish job request for job e07742bd-189a-5079-918b-43f8b2f94b89 with result: Canceled
[2024-12-01 16:39:10Z INFO Terminal] WRITE LINE: 2024-12-01 16:39:10Z: Job deploy completed with result: Canceled
[2024-12-01 16:39:10Z INFO JobDispatcher] Stop renew job request for job e07742bd-189a-5079-918b-43f8b2f94b89.
[2024-12-01 16:39:10Z INFO JobDispatcher] job renew has been cancelled, stop renew job request 24.
[2024-12-01 16:39:10Z INFO JobNotification] Entering JobCompleted Notification
[2024-12-01 16:39:10Z INFO JobNotification] Entering EndMonitor
[2024-12-01 16:39:10Z INFO MessageListener] Received job status event. JobState: Online
[2024-12-01 16:39:11Z INFO MessageListener] Message '3050086984063386879' received from session 'd438ca45-2dd1-4ae6-ba04-83caf6f99ad6'.
[2024-12-01 16:39:11Z INFO ConfigurationStore] HasCredentials()
[2024-12-01 16:39:11Z INFO ConfigurationStore] stored True
[2024-12-01 16:39:11Z INFO CredentialManager] GetCredentialProvider
[2024-12-01 16:39:11Z INFO CredentialManager] Creating type OAuth
[2024-12-01 16:39:11Z INFO CredentialManager] Creating credential type: OAuth
[2024-12-01 16:39:11Z INFO RSAFileKeyManager] Loading RSA key parameters from file /Users/minhtam/Desktop/grade-portal-be-go-2/actions-runner/.credentials_rsaparams
[2024-12-01 16:39:11Z INFO ActionsRunServer] EstablishVssConnection
[2024-12-01 16:39:11Z INFO ActionsRunServer] Establish connection with 100 seconds timeout.
[2024-12-01 16:39:11Z INFO GitHubActionsService] Starting operation Location.GetConnectionData
[2024-12-01 16:39:12Z INFO GitHubActionsService] Finished operation Location.GetConnectionData
[2024-12-01 16:39:12Z INFO RSAFileKeyManager] Loading RSA key parameters from file /Users/minhtam/Desktop/grade-portal-be-go-2/actions-runner/.credentials_rsaparams
[2024-12-01 16:39:12Z INFO RSAFileKeyManager] Loading RSA key parameters from file /Users/minhtam/Desktop/grade-portal-be-go-2/actions-runner/.credentials_rsaparams
[2024-12-01 16:39:13Z INFO GitHubActionsService] AAD Correlation ID for this token request: Unknown
[2024-12-01 16:39:14Z INFO JobDispatcher] Job request 26 for plan dea63a49-e274-4024-a15a-9e865491c618 job e07742bd-189a-5079-918b-43f8b2f94b89 received.
[2024-12-01 16:39:14Z INFO JobDispatcher] Pull OrchestrationId dea63a49-e274-4024-a15a-9e865491c618.deploy.__default from JWT claims
[2024-12-01 16:39:14Z INFO MessageListener] Received job status event. JobState: Busy
[2024-12-01 16:39:14Z INFO MessageListener] _getMessagesTokenSource is already disposed.
[2024-12-01 16:39:14Z INFO JobDispatcher] Job request e07742bd-189a-5079-918b-43f8b2f94b89 processed succeed.
[2024-12-01 16:39:14Z INFO Terminal] WRITE LINE: 2024-12-01 16:39:14Z: Running job: deploy
[2024-12-01 16:39:14Z INFO JobDispatcher] Start renew job request 26 for job e07742bd-189a-5079-918b-43f8b2f94b89.
[2024-12-01 16:39:14Z INFO JobDispatcher] Successfully renew job request 26, job is valid till 12/1/2024 4:49:14 PM
[2024-12-01 16:39:14Z INFO HostContext] Well known directory 'Bin': '/Users/minhtam/Desktop/grade-portal-be-go-2/actions-runner/bin'
[2024-12-01 16:39:14Z INFO ProcessInvokerWrapper] Starting process:
[2024-12-01 16:39:14Z INFO ProcessInvokerWrapper]   File name: '/Users/minhtam/Desktop/grade-portal-be-go-2/actions-runner/bin/Runner.Worker'
[2024-12-01 16:39:14Z INFO ProcessInvokerWrapper]   Arguments: 'spawnclient 151 154'
[2024-12-01 16:39:14Z INFO ProcessInvokerWrapper]   Working directory: '/Users/minhtam/Desktop/grade-portal-be-go-2/actions-runner/bin'
[2024-12-01 16:39:14Z INFO ProcessInvokerWrapper]   Require exit code zero: 'False'
[2024-12-01 16:39:14Z INFO ProcessInvokerWrapper]   Encoding web name:  ; code page: ''
[2024-12-01 16:39:14Z INFO ProcessInvokerWrapper]   Force kill process on cancellation: 'True'
[2024-12-01 16:39:14Z INFO ProcessInvokerWrapper]   Redirected STDIN: 'False'
[2024-12-01 16:39:14Z INFO ProcessInvokerWrapper]   Persist current code page: 'False'
[2024-12-01 16:39:14Z INFO ProcessInvokerWrapper]   Keep redirected STDIN open: 'False'
[2024-12-01 16:39:14Z INFO ProcessInvokerWrapper]   High priority process: 'True'
[2024-12-01 16:39:14Z INFO ProcessInvokerWrapper] Process started with process id 58729, waiting for process exit.
[2024-12-01 16:39:14Z INFO JobDispatcher] Send job request message to worker for job e07742bd-189a-5079-918b-43f8b2f94b89.
[2024-12-01 16:39:14Z INFO ProcessChannel] Sending message of length 26197, with hash '266fcae5c4e7de06ed202e3dc648125c499db8d4f6a7464cbb11a0d0ff7f635a'
[2024-12-01 16:39:14Z INFO JobNotification] Entering JobStarted Notification
[2024-12-01 16:39:14Z INFO JobNotification] Entering StartMonitor
[2024-12-01 16:40:14Z INFO JobDispatcher] Successfully renew job request 26, job is valid till 12/1/2024 4:50:14 PM
[2024-12-01 16:40:32Z INFO ProcessInvokerWrapper] STDOUT/STDERR stream read finished.
[2024-12-01 16:40:32Z INFO ProcessInvokerWrapper] STDOUT/STDERR stream read finished.
[2024-12-01 16:40:32Z INFO ProcessInvokerWrapper] Finished process 58729 with exit code 102, and elapsed time 00:01:17.8638778.
[2024-12-01 16:40:32Z INFO JobDispatcher] Worker finished for job e07742bd-189a-5079-918b-43f8b2f94b89. Code: 102
[2024-12-01 16:40:32Z INFO JobDispatcher] finish job request for job e07742bd-189a-5079-918b-43f8b2f94b89 with result: Failed
[2024-12-01 16:40:32Z INFO Terminal] WRITE LINE: 2024-12-01 16:40:32Z: Job deploy completed with result: Failed
[2024-12-01 16:40:32Z INFO JobDispatcher] Stop renew job request for job e07742bd-189a-5079-918b-43f8b2f94b89.
[2024-12-01 16:40:32Z INFO JobDispatcher] job renew has been cancelled, stop renew job request 26.
[2024-12-01 16:40:32Z INFO JobNotification] Entering JobCompleted Notification
[2024-12-01 16:40:32Z INFO JobNotification] Entering EndMonitor
[2024-12-01 16:40:32Z INFO MessageListener] Received job status event. JobState: Online
[2024-12-01 16:43:23Z INFO MessageListener] Message '4671039962845208285' received from session 'd438ca45-2dd1-4ae6-ba04-83caf6f99ad6'.
[2024-12-01 16:43:23Z INFO ConfigurationStore] HasCredentials()
[2024-12-01 16:43:23Z INFO ConfigurationStore] stored True
[2024-12-01 16:43:23Z INFO CredentialManager] GetCredentialProvider
[2024-12-01 16:43:23Z INFO CredentialManager] Creating type OAuth
[2024-12-01 16:43:23Z INFO CredentialManager] Creating credential type: OAuth
[2024-12-01 16:43:23Z INFO RSAFileKeyManager] Loading RSA key parameters from file /Users/minhtam/Desktop/grade-portal-be-go-2/actions-runner/.credentials_rsaparams
[2024-12-01 16:43:23Z INFO ActionsRunServer] EstablishVssConnection
[2024-12-01 16:43:23Z INFO ActionsRunServer] Establish connection with 100 seconds timeout.
[2024-12-01 16:43:23Z INFO GitHubActionsService] Starting operation Location.GetConnectionData
[2024-12-01 16:43:24Z INFO GitHubActionsService] Finished operation Location.GetConnectionData
[2024-12-01 16:43:25Z INFO RSAFileKeyManager] Loading RSA key parameters from file /Users/minhtam/Desktop/grade-portal-be-go-2/actions-runner/.credentials_rsaparams
[2024-12-01 16:43:25Z INFO RSAFileKeyManager] Loading RSA key parameters from file /Users/minhtam/Desktop/grade-portal-be-go-2/actions-runner/.credentials_rsaparams
[2024-12-01 16:43:26Z INFO GitHubActionsService] AAD Correlation ID for this token request: Unknown
[2024-12-01 16:43:26Z INFO JobDispatcher] Job request 27 for plan 933e9fe4-e275-44bf-b7a5-b1ed68fb71e4 job 1c8ce01e-97de-5be9-a863-648419f09741 received.
[2024-12-01 16:43:26Z INFO JobDispatcher] Pull OrchestrationId 933e9fe4-e275-44bf-b7a5-b1ed68fb71e4.docker.__default from JWT claims
[2024-12-01 16:43:26Z INFO MessageListener] Received job status event. JobState: Busy
[2024-12-01 16:43:26Z INFO MessageListener] _getMessagesTokenSource is already disposed.
[2024-12-01 16:43:26Z INFO JobDispatcher] Job request e07742bd-189a-5079-918b-43f8b2f94b89 processed succeed.
[2024-12-01 16:43:26Z INFO Terminal] WRITE LINE: 2024-12-01 16:43:26Z: Running job: docker
[2024-12-01 16:43:26Z INFO JobDispatcher] Start renew job request 27 for job 1c8ce01e-97de-5be9-a863-648419f09741.
[2024-12-01 16:43:27Z INFO JobDispatcher] Successfully renew job request 27, job is valid till 12/1/2024 4:53:27 PM
[2024-12-01 16:43:27Z INFO HostContext] Well known directory 'Bin': '/Users/minhtam/Desktop/grade-portal-be-go-2/actions-runner/bin'
[2024-12-01 16:43:27Z INFO ProcessInvokerWrapper] Starting process:
[2024-12-01 16:43:27Z INFO ProcessInvokerWrapper]   File name: '/Users/minhtam/Desktop/grade-portal-be-go-2/actions-runner/bin/Runner.Worker'
[2024-12-01 16:43:27Z INFO ProcessInvokerWrapper]   Arguments: 'spawnclient 144 153'
[2024-12-01 16:43:27Z INFO ProcessInvokerWrapper]   Working directory: '/Users/minhtam/Desktop/grade-portal-be-go-2/actions-runner/bin'
[2024-12-01 16:43:27Z INFO ProcessInvokerWrapper]   Require exit code zero: 'False'
[2024-12-01 16:43:27Z INFO ProcessInvokerWrapper]   Encoding web name:  ; code page: ''
[2024-12-01 16:43:27Z INFO ProcessInvokerWrapper]   Force kill process on cancellation: 'True'
[2024-12-01 16:43:27Z INFO ProcessInvokerWrapper]   Redirected STDIN: 'False'
[2024-12-01 16:43:27Z INFO ProcessInvokerWrapper]   Persist current code page: 'False'
[2024-12-01 16:43:27Z INFO ProcessInvokerWrapper]   Keep redirected STDIN open: 'False'
[2024-12-01 16:43:27Z INFO ProcessInvokerWrapper]   High priority process: 'True'
[2024-12-01 16:43:27Z INFO ProcessInvokerWrapper] Process started with process id 59746, waiting for process exit.
[2024-12-01 16:43:27Z INFO JobDispatcher] Send job request message to worker for job 1c8ce01e-97de-5be9-a863-648419f09741.
[2024-12-01 16:43:27Z INFO ProcessChannel] Sending message of length 25906, with hash '034e37aaf69f4a8ed15952906f4d4b2b8343e9da45dc17b6808ebabcf759dab4'
[2024-12-01 16:43:27Z INFO JobNotification] Entering JobStarted Notification
[2024-12-01 16:43:27Z INFO JobNotification] Entering StartMonitor
[2024-12-01 16:44:27Z INFO JobDispatcher] Successfully renew job request 27, job is valid till 12/1/2024 4:54:27 PM
[2024-12-01 16:45:28Z INFO JobDispatcher] Successfully renew job request 27, job is valid till 12/1/2024 4:55:28 PM
[2024-12-01 16:46:28Z INFO JobDispatcher] Successfully renew job request 27, job is valid till 12/1/2024 4:56:28 PM
[2024-12-01 16:47:28Z INFO JobDispatcher] Successfully renew job request 27, job is valid till 12/1/2024 4:57:28 PM
[2024-12-01 16:48:27Z INFO ProcessInvokerWrapper] STDOUT/STDERR stream read finished.
[2024-12-01 16:48:27Z INFO ProcessInvokerWrapper] STDOUT/STDERR stream read finished.
[2024-12-01 16:48:27Z INFO ProcessInvokerWrapper] Finished process 59746 with exit code 102, and elapsed time 00:04:59.4502242.
[2024-12-01 16:48:27Z INFO JobDispatcher] Worker finished for job 1c8ce01e-97de-5be9-a863-648419f09741. Code: 102
[2024-12-01 16:48:27Z INFO JobDispatcher] finish job request for job 1c8ce01e-97de-5be9-a863-648419f09741 with result: Failed
[2024-12-01 16:48:27Z INFO Terminal] WRITE LINE: 2024-12-01 16:48:27Z: Job docker completed with result: Failed
[2024-12-01 16:48:27Z INFO JobDispatcher] Stop renew job request for job 1c8ce01e-97de-5be9-a863-648419f09741.
[2024-12-01 16:48:27Z INFO JobDispatcher] job renew has been cancelled, stop renew job request 27.
[2024-12-01 16:48:27Z INFO JobNotification] Entering JobCompleted Notification
[2024-12-01 16:48:27Z INFO JobNotification] Entering EndMonitor
[2024-12-01 16:48:27Z INFO MessageListener] Received job status event. JobState: Online
